Invalid port. Exiting...
Invalid port. Exiting...
1695524603507	geckodriver	INFO	Listening on 127.0.0.1:47619
1695524604042	mozrunner::runner	INFO	Running command: MOZ_CRASHREPORTER="1" MOZ_CRASHREPORTER_NO_REPORT="1" MOZ_CRASHREPORTER_SHUTDOWN="1" MOZ_NO_REMOTE="1" "/usr ... ss" "--remote-debugging-port" "50385" "--remote-allow-hosts" "localhost" "-no-remote" "-profile" "/tmp/rust_mozprofilelPTE2J"
*** You are running in headless mode.
1695524604675	Marionette	INFO	Marionette enabled
1695524604683	Marionette	INFO	Listening on port 41399
WebDriver BiDi listening on ws://localhost:50385
Read port: 41399
1695524604873	RemoteAgent	WARN	TLS certificate errors will be ignored for this session
[GFX1-]: RenderCompositorSWGL failed mapping default framebuffer, no dt
console.warn: SearchSettings: "get: No settings file exists, new profile?" (new NotFoundError("Could not open the file at /tmp/rust_mozprofilelPTE2J/search.json.mozlz4", (void 0)))
Missing chrome or resource URL: resource://gre/modules/UpdateListener.jsm
Missing chrome or resource URL: resource://gre/modules/UpdateListener.sys.mjs
DevTools listening on ws://localhost:50385/devtools/browser/2b77410e-c422-4c66-b013-58d2493decbd
[GFX1-]: Unrecognized feature ACCELERATED_CANVAS2D
1695534697044	geckodriver	INFO	Listening on 127.0.0.1:46435
1695534697592	mozrunner::runner	INFO	Running command: MOZ_CRASHREPORTER="1" MOZ_CRASHREPORTER_NO_REPORT="1" MOZ_CRASHREPORTER_SHUTDOWN="1" MOZ_NO_REMOTE="1" "/usr ... ss" "--remote-debugging-port" "39689" "--remote-allow-hosts" "localhost" "-no-remote" "-profile" "/tmp/rust_mozprofileplyQnX"
*** You are running in headless mode.
1695534698022	Marionette	INFO	Marionette enabled
1695534698027	Marionette	INFO	Listening on port 39187
WebDriver BiDi listening on ws://localhost:39689
Read port: 39187
1695534698179	RemoteAgent	WARN	TLS certificate errors will be ignored for this session
[GFX1-]: RenderCompositorSWGL failed mapping default framebuffer, no dt
console.warn: SearchSettings: "get: No settings file exists, new profile?" (new NotFoundError("Could not open the file at /tmp/rust_mozprofileplyQnX/search.json.mozlz4", (void 0)))
Missing chrome or resource URL: resource://gre/modules/UpdateListener.jsm
Missing chrome or resource URL: resource://gre/modules/UpdateListener.sys.mjs
DevTools listening on ws://localhost:39689/devtools/browser/3a34bbbe-c522-4a2b-a3ae-158819937a1d
[GFX1-]: Unrecognized feature ACCELERATED_CANVAS2D
1695901038761	addons.xpi	ERROR	System addon update list error Error: Failed downloading XML, status: 0, reason: timeout
1696304801774	addons.xpi	ERROR	System addon update list error Error: Failed downloading XML, status: 0, reason: timeout
